# JRE version: OpenJDK Runtime Environment (11.0.15) (build 11.0.15+0-b2043.56-9505619)
# Java VM: OpenJDK 64-Bit Server VM (11.0.15+0-b2043.56-9505619, mixed mode, tiered, compressed oops, g1 gc, windows-amd64)
Heap:
 garbage-first heap   total 448512K, used 257822K [0x0000000080000000, 0x0000000100000000)
  region size 1024K, 2 young (2048K), 2 survivors (2048K)
 Metaspace       used 105286K, capacity 108257K, committed 108328K, reserved 1142784K
  class space    used 13677K, capacity 14802K, committed 14848K, reserved 1048576K
GC Heap History (20 events):
Event: 13.833 GC heap after
{Heap after GC invocations=20 (full 0):
 garbage-first heap   total 260096K, used 128793K [0x0000000080000000, 0x0000000100000000)
  region size 1024K, 4 young (4096K), 4 survivors (4096K)
 Metaspace       used 102286K, capacity 105135K, committed 105768K, reserved 1140736K
  class space    used 13091K, capacity 14143K, committed 14336K, reserved 1048576K
}
Event: 14.012 GC heap before
{Heap before GC invocations=21 (full 0):
 garbage-first heap   total 260096K, used 194329K [0x0000000080000000, 0x0000000100000000)
  region size 1024K, 49 young (50176K), 4 survivors (4096K)
 Metaspace       used 102679K, capacity 105511K, committed 106152K, reserved 1140736K
  class space    used 13145K, capacity 14182K, committed 14464K, reserved 1048576K
}
Event: 14.023 GC heap after
{Heap after GC invocations=22 (full 0):
 garbage-first heap   total 260096K, used 154484K [0x0000000080000000, 0x0000000100000000)
  region size 1024K, 7 young (7168K), 7 survivors (7168K)
 Metaspace       used 102679K, capacity 105511K, committed 106152K, reserved 1140736K
  class space    used 13145K, capacity 14182K, committed 14464K, reserved 1048576K
}
Event: 14.211 GC heap before
{Heap before GC invocations=23 (full 0):
 garbage-first heap   total 260096K, used 192372K [0x0000000080000000, 0x0000000100000000)
  region size 1024K, 44 young (45056K), 7 survivors (7168K)
 Metaspace       used 102679K, capacity 105511K, committed 106152K, reserved 1140736K
  class space    used 13145K, capacity 14182K, committed 14464K, reserved 1048576K
}
Event: 14.227 GC heap after
{Heap after GC invocations=24 (full 0):
 garbage-first heap   total 260096K, used 171663K [0x0000000080000000, 0x0000000100000000)
  region size 1024K, 6 young (6144K), 6 survivors (6144K)
 Metaspace       used 102679K, capacity 105511K, committed 106152K, reserved 1140736K
  class space    used 13145K, capacity 14182K, committed 14464K, reserved 1048576K
}
Event: 14.483 GC heap before
{Heap before GC invocations=25 (full 0):
 garbage-first heap   total 260096K, used 203407K [0x0000000080000000, 0x0000000100000000)
  region size 1024K, 36 young (36864K), 6 survivors (6144K)
 Metaspace       used 105132K, capacity 108174K, committed 108328K, reserved 1142784K
  class space    used 13677K, capacity 14802K, committed 14848K, reserved 1048576K
}
Event: 14.500 GC heap after
{Heap after GC invocations=26 (full 0):
 garbage-first heap   total 260096K, used 186778K [0x0000000080000000, 0x0000000100000000)
  region size 1024K, 5 young (5120K), 5 survivors (5120K)
 Metaspace       used 105132K, capacity 108174K, committed 108328K, reserved 1142784K
  class space    used 13677K, capacity 14802K, committed 14848K, reserved 1048576K
}
Event: 14.541 GC heap before
{Heap before GC invocations=26 (full 0):
 garbage-first heap   total 260096K, used 209306K [0x0000000080000000, 0x0000000100000000)
  region size 1024K, 27 young (27648K), 5 survivors (5120K)
 Metaspace       used 105171K, capacity 108176K, committed 108328K, reserved 1142784K
  class space    used 13677K, capacity 14802K, committed 14848K, reserved 1048576K
}
Event: 14.555 GC heap after
{Heap after GC invocations=27 (full 0):
 garbage-first heap   total 260096K, used 199129K [0x0000000080000000, 0x0000000100000000)
  region size 1024K, 4 young (4096K), 4 survivors (4096K)
 Metaspace       used 105171K, capacity 108176K, committed 108328K, reserved 1142784K
  class space    used 13677K, capacity 14802K, committed 14848K, reserved 1048576K
}
Event: 14.577 GC heap before
{Heap before GC invocations=27 (full 0):
 garbage-first heap   total 260096K, used 214489K [0x0000000080000000, 0x0000000100000000)
  region size 1024K, 19 young (19456K), 4 survivors (4096K)
 Metaspace       used 105209K, capacity 108243K, committed 108328K, reserved 1142784K
  class space    used 13677K, capacity 14802K, committed 14848K, reserved 1048576K
}
Event: 14.587 GC heap after
{Heap after GC invocations=28 (full 0):
 garbage-first heap   total 260096K, used 207872K [0x0000000080000000, 0x0000000100000000)
  region size 1024K, 3 young (3072K), 3 survivors (3072K)
 Metaspace       used 105209K, capacity 108243K, committed 108328K, reserved 1142784K
  class space    used 13677K, capacity 14802K, committed 14848K, reserved 1048576K
}
Event: 14.605 GC heap before
{Heap before GC invocations=28 (full 0):
 garbage-first heap   total 260096K, used 218112K [0x0000000080000000, 0x0000000100000000)
  region size 1024K, 14 young (14336K), 3 survivors (3072K)
 Metaspace       used 105233K, capacity 108248K, committed 108328K, reserved 1142784K
  class space    used 13677K, capacity 14802K, committed 14848K, reserved 1048576K
}
Event: 14.612 GC heap after
{Heap after GC invocations=29 (full 0):
 garbage-first heap   total 312320K, used 214396K [0x0000000080000000, 0x0000000100000000)
  region size 1024K, 2 young (2048K), 2 survivors (2048K)
 Metaspace       used 105233K, capacity 108248K, committed 108328K, reserved 1142784K
  class space    used 13677K, capacity 14802K, committed 14848K, reserved 1048576K
}
Event: 14.667 GC heap before
{Heap before GC invocations=29 (full 0):
 garbage-first heap   total 312320K, used 243068K [0x0000000080000000, 0x0000000100000000)
  region size 1024K, 30 young (30720K), 2 survivors (2048K)
 Metaspace       used 105268K, capacity 108253K, committed 108328K, reserved 1142784K
  class space    used 13677K, capacity 14802K, committed 14848K, reserved 1048576K
}
Event: 14.677 GC heap after
{Heap after GC invocations=30 (full 0):
 garbage-first heap   total 312320K, used 229063K [0x0000000080000000, 0x0000000100000000)
  region size 1024K, 4 young (4096K), 4 survivors (4096K)
 Metaspace       used 105268K, capacity 108253K, committed 108328K, reserved 1142784K
  class space    used 13677K, capacity 14802K, committed 14848K, reserved 1048576K
}
Event: 14.708 GC heap before
{Heap before GC invocations=30 (full 0):
 garbage-first heap   total 312320K, used 250567K [0x0000000080000000, 0x0000000100000000)
  region size 1024K, 26 young (26624K), 4 survivors (4096K)
 Metaspace       used 105277K, capacity 108254K, committed 108328K, reserved 1142784K
  class space    used 13677K, capacity 14802K, committed 14848K, reserved 1048576K
}
Event: 14.719 GC heap after
{Heap after GC invocations=31 (full 0):
 garbage-first heap   total 312320K, used 241278K [0x0000000080000000, 0x0000000100000000)
  region size 1024K, 4 young (4096K), 4 survivors (4096K)
 Metaspace       used 105277K, capacity 108254K, committed 108328K, reserved 1142784K
  class space    used 13677K, capacity 14802K, committed 14848K, reserved 1048576K
}
Event: 14.744 GC heap before
{Heap before GC invocations=31 (full 0):
 garbage-first heap   total 312320K, used 258686K [0x0000000080000000, 0x0000000100000000)
  region size 1024K, 21 young (21504K), 4 survivors (4096K)
 Metaspace       used 105282K, capacity 108257K, committed 108328K, reserved 1142784K
  class space    used 13677K, capacity 14802K, committed 14848K, reserved 1048576K
}
Event: 14.752 GC heap after
{Heap after GC invocations=32 (full 0):
 garbage-first heap   total 312320K, used 251099K [0x0000000080000000, 0x0000000100000000)
  region size 1024K, 3 young (3072K), 3 survivors (3072K)
 Metaspace       used 105282K, capacity 108257K, committed 108328K, reserved 1142784K
  class space    used 13677K, capacity 14802K, committed 14848K, reserved 1048576K
}
Event: 14.795 GC heap before
{Heap before GC invocations=32 (full 0):
 garbage-first heap   total 312320K, used 262363K [0x0000000080000000, 0x0000000100000000)
  region size 1024K, 16 young (16384K), 3 survivors (3072K)
 Metaspace       used 105286K, capacity 108257K, committed 108328K, reserved 1142784K
  class space    used 13677K, capacity 14802K, committed 14848K, reserved 1048576K
}

