# JRE version: OpenJDK Runtime Environment (11.0.15) (build 11.0.15+0-b2043.56-9505619)
# Java VM: OpenJDK 64-Bit Server VM (11.0.15+0-b2043.56-9505619, mixed mode, tiered, compressed oops, g1 gc, windows-amd64)
Heap:
 garbage-first heap   total 448512K, used 258854K [0x0000000080000000, 0x0000000100000000)
  region size 1024K, 2 young (2048K), 2 survivors (2048K)
 Metaspace       used 105929K, capacity 108921K, committed 109224K, reserved 1144832K
  class space    used 13771K, capacity 14915K, committed 14976K, reserved 1048576K
GC Heap History (20 events):
Event: 12.321 GC heap before
{Heap before GC invocations=19 (full 0):
 garbage-first heap   total 260096K, used 148692K [0x0000000080000000, 0x0000000100000000)
  region size 1024K, 34 young (34816K), 15 survivors (15360K)
 Metaspace       used 102295K, capacity 105126K, committed 105768K, reserved 1140736K
  class space    used 13082K, capacity 14137K, committed 14336K, reserved 1048576K
}
Event: 12.329 GC heap after
{Heap after GC invocations=20 (full 0):
 garbage-first heap   total 260096K, used 129354K [0x0000000080000000, 0x0000000100000000)
  region size 1024K, 5 young (5120K), 5 survivors (5120K)
 Metaspace       used 102295K, capacity 105126K, committed 105768K, reserved 1140736K
  class space    used 13082K, capacity 14137K, committed 14336K, reserved 1048576K
}
Event: 12.548 GC heap before
{Heap before GC invocations=21 (full 0):
 garbage-first heap   total 260096K, used 193866K [0x0000000080000000, 0x0000000100000000)
  region size 1024K, 49 young (50176K), 5 survivors (5120K)
 Metaspace       used 102640K, capacity 105436K, committed 106152K, reserved 1140736K
  class space    used 13134K, capacity 14176K, committed 14464K, reserved 1048576K
}
Event: 12.559 GC heap after
{Heap after GC invocations=22 (full 0):
 garbage-first heap   total 260096K, used 154738K [0x0000000080000000, 0x0000000100000000)
  region size 1024K, 8 young (8192K), 8 survivors (8192K)
 Metaspace       used 102640K, capacity 105436K, committed 106152K, reserved 1140736K
  class space    used 13134K, capacity 14176K, committed 14464K, reserved 1048576K
}
Event: 12.743 GC heap before
{Heap before GC invocations=23 (full 0):
 garbage-first heap   total 260096K, used 192626K [0x0000000080000000, 0x0000000100000000)
  region size 1024K, 45 young (46080K), 8 survivors (8192K)
 Metaspace       used 102640K, capacity 105436K, committed 106152K, reserved 1140736K
  class space    used 13134K, capacity 14176K, committed 14464K, reserved 1048576K
}
Event: 12.759 GC heap after
{Heap after GC invocations=24 (full 0):
 garbage-first heap   total 260096K, used 171471K [0x0000000080000000, 0x0000000100000000)
  region size 1024K, 6 young (6144K), 6 survivors (6144K)
 Metaspace       used 102640K, capacity 105436K, committed 106152K, reserved 1140736K
  class space    used 13134K, capacity 14176K, committed 14464K, reserved 1048576K
}
Event: 13.014 GC heap before
{Heap before GC invocations=25 (full 0):
 garbage-first heap   total 260096K, used 205263K [0x0000000080000000, 0x0000000100000000)
  region size 1024K, 38 young (38912K), 6 survivors (6144K)
 Metaspace       used 105187K, capacity 108168K, committed 108328K, reserved 1142784K
  class space    used 13665K, capacity 14794K, committed 14848K, reserved 1048576K
}
Event: 13.030 GC heap after
{Heap after GC invocations=26 (full 0):
 garbage-first heap   total 260096K, used 187041K [0x0000000080000000, 0x0000000100000000)
  region size 1024K, 5 young (5120K), 5 survivors (5120K)
 Metaspace       used 105187K, capacity 108168K, committed 108328K, reserved 1142784K
  class space    used 13665K, capacity 14794K, committed 14848K, reserved 1048576K
}
Event: 13.084 GC heap before
{Heap before GC invocations=26 (full 0):
 garbage-first heap   total 260096K, used 209569K [0x0000000080000000, 0x0000000100000000)
  region size 1024K, 28 young (28672K), 5 survivors (5120K)
 Metaspace       used 105206K, capacity 108168K, committed 108328K, reserved 1142784K
  class space    used 13665K, capacity 14794K, committed 14848K, reserved 1048576K
}
Event: 13.097 GC heap after
{Heap after GC invocations=27 (full 0):
 garbage-first heap   total 260096K, used 200194K [0x0000000080000000, 0x0000000100000000)
  region size 1024K, 4 young (4096K), 4 survivors (4096K)
 Metaspace       used 105206K, capacity 108168K, committed 108328K, reserved 1142784K
  class space    used 13665K, capacity 14794K, committed 14848K, reserved 1048576K
}
Event: 13.146 GC heap before
{Heap before GC invocations=27 (full 0):
 garbage-first heap   total 260096K, used 215554K [0x0000000080000000, 0x0000000100000000)
  region size 1024K, 20 young (20480K), 4 survivors (4096K)
 Metaspace       used 105236K, capacity 108233K, committed 108328K, reserved 1142784K
  class space    used 13665K, capacity 14794K, committed 14848K, reserved 1048576K
}
Event: 13.153 GC heap after
{Heap after GC invocations=28 (full 0):
 garbage-first heap   total 260096K, used 209659K [0x0000000080000000, 0x0000000100000000)
  region size 1024K, 3 young (3072K), 3 survivors (3072K)
 Metaspace       used 105236K, capacity 108233K, committed 108328K, reserved 1142784K
  class space    used 13665K, capacity 14794K, committed 14848K, reserved 1048576K
}
Event: 13.180 GC heap before
{Heap before GC invocations=28 (full 0):
 garbage-first heap   total 260096K, used 220923K [0x0000000080000000, 0x0000000100000000)
  region size 1024K, 14 young (14336K), 3 survivors (3072K)
 Metaspace       used 105247K, capacity 108237K, committed 108328K, reserved 1142784K
  class space    used 13665K, capacity 14794K, committed 14848K, reserved 1048576K
}
Event: 13.187 GC heap after
{Heap after GC invocations=29 (full 0):
 garbage-first heap   total 312320K, used 216064K [0x0000000080000000, 0x0000000100000000)
  region size 1024K, 2 young (2048K), 2 survivors (2048K)
 Metaspace       used 105247K, capacity 108237K, committed 108328K, reserved 1142784K
  class space    used 13665K, capacity 14794K, committed 14848K, reserved 1048576K
}
Event: 13.255 GC heap before
{Heap before GC invocations=29 (full 0):
 garbage-first heap   total 312320K, used 243712K [0x0000000080000000, 0x0000000100000000)
  region size 1024K, 30 young (30720K), 2 survivors (2048K)
 Metaspace       used 105251K, capacity 108237K, committed 108328K, reserved 1142784K
  class space    used 13665K, capacity 14794K, committed 14848K, reserved 1048576K
}
Event: 13.265 GC heap after
{Heap after GC invocations=30 (full 0):
 garbage-first heap   total 312320K, used 231424K [0x0000000080000000, 0x0000000100000000)
  region size 1024K, 4 young (4096K), 4 survivors (4096K)
 Metaspace       used 105251K, capacity 108237K, committed 108328K, reserved 1142784K
  class space    used 13665K, capacity 14794K, committed 14848K, reserved 1048576K
}
Event: 13.329 GC heap before
{Heap before GC invocations=30 (full 0):
 garbage-first heap   total 312320K, used 252928K [0x0000000080000000, 0x0000000100000000)
  region size 1024K, 26 young (26624K), 4 survivors (4096K)
 Metaspace       used 105254K, capacity 108237K, committed 108328K, reserved 1142784K
  class space    used 13665K, capacity 14794K, committed 14848K, reserved 1048576K
}
Event: 13.342 GC heap after
{Heap after GC invocations=31 (full 0):
 garbage-first heap   total 312320K, used 242688K [0x0000000080000000, 0x0000000100000000)
  region size 1024K, 4 young (4096K), 4 survivors (4096K)
 Metaspace       used 105254K, capacity 108237K, committed 108328K, reserved 1142784K
  class space    used 13665K, capacity 14794K, committed 14848K, reserved 1048576K
}
Event: 13.409 GC heap before
{Heap before GC invocations=31 (full 0):
 garbage-first heap   total 312320K, used 260096K [0x0000000080000000, 0x0000000100000000)
  region size 1024K, 21 young (21504K), 4 survivors (4096K)
 Metaspace       used 105255K, capacity 108237K, committed 108328K, reserved 1142784K
  class space    used 13665K, capacity 14794K, committed 14848K, reserved 1048576K
}
Event: 13.418 GC heap after
{Heap after GC invocations=32 (full 0):
 garbage-first heap   total 312320K, used 252585K [0x0000000080000000, 0x0000000100000000)
  region size 1024K, 3 young (3072K), 3 survivors (3072K)
 Metaspace       used 105255K, capacity 108237K, committed 108328K, reserved 1142784K
  class space    used 13665K, capacity 14794K, committed 14848K, reserved 1048576K
}

