# JRE version: OpenJDK Runtime Environment (11.0.15) (build 11.0.15+0-b2043.56-9505619)
# Java VM: OpenJDK 64-Bit Server VM (11.0.15+0-b2043.56-9505619, mixed mode, tiered, compressed oops, g1 gc, windows-amd64)
Heap:
 garbage-first heap   total 260096K, used 124704K [0x0000000080000000, 0x0000000100000000)
  region size 1024K, 69 young (70656K), 17 survivors (17408K)
 Metaspace       used 83058K, capacity 85573K, committed 85672K, reserved 1124352K
  class space    used 10925K, capacity 11805K, committed 11904K, reserved 1048576K
GC Heap History (20 events):
Event: 0.779 GC heap before
{Heap before GC invocations=0 (full 0):
 garbage-first heap   total 260096K, used 29696K [0x0000000080000000, 0x0000000100000000)
  region size 1024K, 24 young (24576K), 0 survivors (0K)
 Metaspace       used 9759K, capacity 9956K, committed 10112K, reserved 1058816K
  class space    used 999K, capacity 1069K, committed 1152K, reserved 1048576K
}
Event: 0.782 GC heap after
{Heap after GC invocations=1 (full 0):
 garbage-first heap   total 260096K, used 9666K [0x0000000080000000, 0x0000000100000000)
  region size 1024K, 3 young (3072K), 3 survivors (3072K)
 Metaspace       used 9759K, capacity 9956K, committed 10112K, reserved 1058816K
  class space    used 999K, capacity 1069K, committed 1152K, reserved 1048576K
}
Event: 2.431 GC heap before
{Heap before GC invocations=1 (full 0):
 garbage-first heap   total 260096K, used 107970K [0x0000000080000000, 0x0000000100000000)
  region size 1024K, 99 young (101376K), 3 survivors (3072K)
 Metaspace       used 20775K, capacity 21189K, committed 21296K, reserved 1069056K
  class space    used 2525K, capacity 2687K, committed 2688K, reserved 1048576K
}
Event: 2.438 GC heap after
{Heap after GC invocations=2 (full 0):
 garbage-first heap   total 260096K, used 17679K [0x0000000080000000, 0x0000000100000000)
  region size 1024K, 11 young (11264K), 11 survivors (11264K)
 Metaspace       used 20775K, capacity 21189K, committed 21296K, reserved 1069056K
  class space    used 2525K, capacity 2687K, committed 2688K, reserved 1048576K
}
Event: 3.215 GC heap before
{Heap before GC invocations=3 (full 0):
 garbage-first heap   total 260096K, used 79119K [0x0000000080000000, 0x0000000100000000)
  region size 1024K, 72 young (73728K), 11 survivors (11264K)
 Metaspace       used 27234K, capacity 27841K, committed 28160K, reserved 1073152K
  class space    used 3555K, capacity 3768K, committed 3840K, reserved 1048576K
}
Event: 3.221 GC heap after
{Heap after GC invocations=4 (full 0):
 garbage-first heap   total 260096K, used 20463K [0x0000000080000000, 0x0000000100000000)
  region size 1024K, 3 young (3072K), 3 survivors (3072K)
 Metaspace       used 27234K, capacity 27841K, committed 28160K, reserved 1073152K
  class space    used 3555K, capacity 3768K, committed 3840K, reserved 1048576K
}
Event: 4.328 GC heap before
{Heap before GC invocations=4 (full 0):
 garbage-first heap   total 260096K, used 77807K [0x0000000080000000, 0x0000000100000000)
  region size 1024K, 60 young (61440K), 3 survivors (3072K)
 Metaspace       used 34993K, capacity 35889K, committed 35968K, reserved 1081344K
  class space    used 4564K, capacity 4921K, committed 4992K, reserved 1048576K
}
Event: 4.334 GC heap after
{Heap after GC invocations=5 (full 0):
 garbage-first heap   total 260096K, used 23591K [0x0000000080000000, 0x0000000100000000)
  region size 1024K, 6 young (6144K), 6 survivors (6144K)
 Metaspace       used 34993K, capacity 35889K, committed 35968K, reserved 1081344K
  class space    used 4564K, capacity 4921K, committed 4992K, reserved 1048576K
}
Event: 5.559 GC heap before
{Heap before GC invocations=6 (full 0):
 garbage-first heap   total 260096K, used 134183K [0x0000000080000000, 0x0000000100000000)
  region size 1024K, 111 young (113664K), 6 survivors (6144K)
 Metaspace       used 44938K, capacity 46047K, committed 46236K, reserved 1089536K
  class space    used 5691K, capacity 6112K, committed 6144K, reserved 1048576K
}
Event: 5.567 GC heap after
{Heap after GC invocations=7 (full 0):
 garbage-first heap   total 260096K, used 31635K [0x0000000080000000, 0x0000000100000000)
  region size 1024K, 14 young (14336K), 14 survivors (14336K)
 Metaspace       used 44938K, capacity 46047K, committed 46236K, reserved 1089536K
  class space    used 5691K, capacity 6112K, committed 6144K, reserved 1048576K
}
Event: 7.580 GC heap before
{Heap before GC invocations=7 (full 0):
 garbage-first heap   total 260096K, used 161683K [0x0000000080000000, 0x0000000100000000)
  region size 1024K, 139 young (142336K), 14 survivors (14336K)
 Metaspace       used 51772K, capacity 53287K, committed 53532K, reserved 1095680K
  class space    used 6599K, capacity 7173K, committed 7296K, reserved 1048576K
}
Event: 7.591 GC heap after
{Heap after GC invocations=8 (full 0):
 garbage-first heap   total 260096K, used 43571K [0x0000000080000000, 0x0000000100000000)
  region size 1024K, 18 young (18432K), 18 survivors (18432K)
 Metaspace       used 51772K, capacity 53287K, committed 53532K, reserved 1095680K
  class space    used 6599K, capacity 7173K, committed 7296K, reserved 1048576K
}
Event: 8.385 GC heap before
{Heap before GC invocations=8 (full 0):
 garbage-first heap   total 260096K, used 91699K [0x0000000080000000, 0x0000000100000000)
  region size 1024K, 66 young (67584K), 18 survivors (18432K)
 Metaspace       used 58783K, capacity 60449K, committed 60572K, reserved 1101824K
  class space    used 7486K, capacity 8132K, committed 8192K, reserved 1048576K
}
Event: 8.399 GC heap after
{Heap after GC invocations=9 (full 0):
 garbage-first heap   total 260096K, used 46613K [0x0000000080000000, 0x0000000100000000)
  region size 1024K, 4 young (4096K), 4 survivors (4096K)
 Metaspace       used 58783K, capacity 60449K, committed 60572K, reserved 1101824K
  class space    used 7486K, capacity 8132K, committed 8192K, reserved 1048576K
}
Event: 9.835 GC heap before
{Heap before GC invocations=10 (full 0):
 garbage-first heap   total 260096K, used 186901K [0x0000000080000000, 0x0000000100000000)
  region size 1024K, 133 young (136192K), 4 survivors (4096K)
 Metaspace       used 65864K, capacity 67731K, committed 67880K, reserved 1107968K
  class space    used 8386K, capacity 9106K, committed 9216K, reserved 1048576K
}
Event: 9.843 GC heap after
{Heap after GC invocations=11 (full 0):
 garbage-first heap   total 260096K, used 55772K [0x0000000080000000, 0x0000000100000000)
  region size 1024K, 13 young (13312K), 13 survivors (13312K)
 Metaspace       used 65864K, capacity 67731K, committed 67880K, reserved 1107968K
  class space    used 8386K, capacity 9106K, committed 9216K, reserved 1048576K
}
Event: 12.506 GC heap before
{Heap before GC invocations=11 (full 0):
 garbage-first heap   total 260096K, used 184796K [0x0000000080000000, 0x0000000100000000)
  region size 1024K, 139 young (142336K), 13 survivors (13312K)
 Metaspace       used 74505K, capacity 76688K, committed 76840K, reserved 1116160K
  class space    used 9846K, capacity 10633K, committed 10752K, reserved 1048576K
}
Event: 12.516 GC heap after
{Heap after GC invocations=12 (full 0):
 garbage-first heap   total 260096K, used 63275K [0x0000000080000000, 0x0000000100000000)
  region size 1024K, 8 young (8192K), 8 survivors (8192K)
 Metaspace       used 74505K, capacity 76688K, committed 76840K, reserved 1116160K
  class space    used 9846K, capacity 10633K, committed 10752K, reserved 1048576K
}
Event: 63.237 GC heap before
{Heap before GC invocations=12 (full 0):
 garbage-first heap   total 260096K, used 192299K [0x0000000080000000, 0x0000000100000000)
  region size 1024K, 134 young (137216K), 8 survivors (8192K)
 Metaspace       used 82661K, capacity 85051K, committed 85288K, reserved 1122304K
  class space    used 10888K, capacity 11764K, committed 11776K, reserved 1048576K
}
Event: 63.249 GC heap after
{Heap after GC invocations=13 (full 0):
 garbage-first heap   total 260096K, used 72480K [0x0000000080000000, 0x0000000100000000)
  region size 1024K, 17 young (17408K), 17 survivors (17408K)
 Metaspace       used 82661K, capacity 85051K, committed 85288K, reserved 1122304K
  class space    used 10888K, capacity 11764K, committed 11776K, reserved 1048576K
}

