# JRE version: OpenJDK Runtime Environment (11.0.15) (build 11.0.15+0-b2043.56-9505619)
# Java VM: OpenJDK 64-Bit Server VM (11.0.15+0-b2043.56-9505619, mixed mode, tiered, compressed oops, g1 gc, windows-amd64)
Heap:
 garbage-first heap   total 260096K, used 132244K [0x0000000080000000, 0x0000000100000000)
  region size 1024K, 20 young (20480K), 11 survivors (11264K)
 Metaspace       used 115853K, capacity 119255K, committed 119488K, reserved 1153024K
  class space    used 14595K, capacity 15834K, committed 15872K, reserved 1048576K
GC Heap History (20 events):
Event: 142.053 GC heap before
{Heap before GC invocations=21 (full 0):
 garbage-first heap   total 260096K, used 202411K [0x0000000080000000, 0x0000000100000000)
  region size 1024K, 98 young (100352K), 6 survivors (6144K)
 Metaspace       used 106560K, capacity 109708K, committed 110016K, reserved 1144832K
  class space    used 13627K, capacity 14788K, committed 14848K, reserved 1048576K
}
Event: 142.059 GC heap after
{Heap after GC invocations=22 (full 0):
 garbage-first heap   total 260096K, used 115438K [0x0000000080000000, 0x0000000100000000)
  region size 1024K, 12 young (12288K), 12 survivors (12288K)
 Metaspace       used 106560K, capacity 109708K, committed 110016K, reserved 1144832K
  class space    used 13627K, capacity 14788K, committed 14848K, reserved 1048576K
}
Event: 149.249 GC heap before
{Heap before GC invocations=22 (full 0):
 garbage-first heap   total 260096K, used 213742K [0x0000000080000000, 0x0000000100000000)
  region size 1024K, 98 young (100352K), 12 survivors (12288K)
 Metaspace       used 107192K, capacity 110415K, committed 110528K, reserved 1144832K
  class space    used 13637K, capacity 14807K, committed 14848K, reserved 1048576K
}
Event: 149.308 GC heap after
{Heap after GC invocations=23 (full 0):
 garbage-first heap   total 260096K, used 147644K [0x0000000080000000, 0x0000000100000000)
  region size 1024K, 13 young (13312K), 13 survivors (13312K)
 Metaspace       used 107192K, capacity 110415K, committed 110528K, reserved 1144832K
  class space    used 13637K, capacity 14807K, committed 14848K, reserved 1048576K
}
Event: 172.565 GC heap before
{Heap before GC invocations=24 (full 0):
 garbage-first heap   total 260096K, used 203964K [0x0000000080000000, 0x0000000100000000)
  region size 1024K, 63 young (64512K), 13 survivors (13312K)
 Metaspace       used 107336K, capacity 110500K, committed 110784K, reserved 1144832K
  class space    used 13606K, capacity 14765K, committed 14848K, reserved 1048576K
}
Event: 172.576 GC heap after
{Heap after GC invocations=25 (full 0):
 garbage-first heap   total 260096K, used 151649K [0x0000000080000000, 0x0000000100000000)
  region size 1024K, 5 young (5120K), 5 survivors (5120K)
 Metaspace       used 107336K, capacity 110500K, committed 110784K, reserved 1144832K
  class space    used 13606K, capacity 14765K, committed 14848K, reserved 1048576K
}
Event: 172.608 GC heap before
{Heap before GC invocations=25 (full 0):
 garbage-first heap   total 260096K, used 157793K [0x0000000080000000, 0x0000000100000000)
  region size 1024K, 12 young (12288K), 5 survivors (5120K)
 Metaspace       used 107363K, capacity 110505K, committed 110784K, reserved 1144832K
  class space    used 13606K, capacity 14765K, committed 14848K, reserved 1048576K
}
Event: 172.612 GC heap after
{Heap after GC invocations=26 (full 0):
 garbage-first heap   total 260096K, used 147855K [0x0000000080000000, 0x0000000100000000)
  region size 1024K, 2 young (2048K), 2 survivors (2048K)
 Metaspace       used 107363K, capacity 110505K, committed 110784K, reserved 1144832K
  class space    used 13606K, capacity 14765K, committed 14848K, reserved 1048576K
}
Event: 172.902 GC heap before
{Heap before GC invocations=26 (full 0):
 garbage-first heap   total 260096K, used 175503K [0x0000000080000000, 0x0000000100000000)
  region size 1024K, 31 young (31744K), 2 survivors (2048K)
 Metaspace       used 107607K, capacity 110754K, committed 111040K, reserved 1144832K
  class space    used 13612K, capacity 14774K, committed 14848K, reserved 1048576K
}
Event: 172.912 GC heap after
{Heap after GC invocations=27 (full 0):
 garbage-first heap   total 260096K, used 151305K [0x0000000080000000, 0x0000000100000000)
  region size 1024K, 5 young (5120K), 5 survivors (5120K)
 Metaspace       used 107607K, capacity 110754K, committed 111040K, reserved 1144832K
  class space    used 13612K, capacity 14774K, committed 14848K, reserved 1048576K
}
Event: 173.242 GC heap before
{Heap before GC invocations=28 (full 0):
 garbage-first heap   total 260096K, used 203529K [0x0000000080000000, 0x0000000100000000)
  region size 1024K, 57 young (58368K), 5 survivors (5120K)
 Metaspace       used 107686K, capacity 110827K, committed 111040K, reserved 1144832K
  class space    used 13612K, capacity 14775K, committed 14848K, reserved 1048576K
}
Event: 173.246 GC heap after
{Heap after GC invocations=29 (full 0):
 garbage-first heap   total 260096K, used 131742K [0x0000000080000000, 0x0000000100000000)
  region size 1024K, 2 young (2048K), 2 survivors (2048K)
 Metaspace       used 107686K, capacity 110827K, committed 111040K, reserved 1144832K
  class space    used 13612K, capacity 14775K, committed 14848K, reserved 1048576K
}
Event: 173.284 GC heap before
{Heap before GC invocations=29 (full 0):
 garbage-first heap   total 260096K, used 140958K [0x0000000080000000, 0x0000000100000000)
  region size 1024K, 12 young (12288K), 2 survivors (2048K)
 Metaspace       used 107708K, capacity 110839K, committed 111040K, reserved 1144832K
  class space    used 13613K, capacity 14777K, committed 14848K, reserved 1048576K
}
Event: 173.288 GC heap after
{Heap after GC invocations=30 (full 0):
 garbage-first heap   total 260096K, used 108932K [0x0000000080000000, 0x0000000100000000)
  region size 1024K, 2 young (2048K), 2 survivors (2048K)
 Metaspace       used 107708K, capacity 110839K, committed 111040K, reserved 1144832K
  class space    used 13613K, capacity 14777K, committed 14848K, reserved 1048576K
}
Event: 173.345 GC heap before
{Heap before GC invocations=30 (full 0):
 garbage-first heap   total 260096K, used 118148K [0x0000000080000000, 0x0000000100000000)
  region size 1024K, 12 young (12288K), 2 survivors (2048K)
 Metaspace       used 107737K, capacity 110839K, committed 111040K, reserved 1144832K
  class space    used 13613K, capacity 14777K, committed 14848K, reserved 1048576K
}
Event: 173.350 GC heap after
{Heap after GC invocations=31 (full 0):
 garbage-first heap   total 260096K, used 109812K [0x0000000080000000, 0x0000000100000000)
  region size 1024K, 2 young (2048K), 2 survivors (2048K)
 Metaspace       used 107737K, capacity 110839K, committed 111040K, reserved 1144832K
  class space    used 13613K, capacity 14777K, committed 14848K, reserved 1048576K
}
Event: 177.664 GC heap before
{Heap before GC invocations=31 (full 0):
 garbage-first heap   total 260096K, used 187636K [0x0000000080000000, 0x0000000100000000)
  region size 1024K, 79 young (80896K), 2 survivors (2048K)
 Metaspace       used 108326K, capacity 111461K, committed 111552K, reserved 1146880K
  class space    used 13672K, capacity 14791K, committed 14848K, reserved 1048576K
}
Event: 177.668 GC heap after
{Heap after GC invocations=32 (full 0):
 garbage-first heap   total 260096K, used 113427K [0x0000000080000000, 0x0000000100000000)
  region size 1024K, 6 young (6144K), 6 survivors (6144K)
 Metaspace       used 108326K, capacity 111461K, committed 111552K, reserved 1146880K
  class space    used 13672K, capacity 14791K, committed 14848K, reserved 1048576K
}
Event: 184.129 GC heap before
{Heap before GC invocations=32 (full 0):
 garbage-first heap   total 260096K, used 189203K [0x0000000080000000, 0x0000000100000000)
  region size 1024K, 82 young (83968K), 6 survivors (6144K)
 Metaspace       used 115779K, capacity 119121K, committed 119232K, reserved 1153024K
  class space    used 14593K, capacity 15832K, committed 15872K, reserved 1048576K
}
Event: 184.150 GC heap after
{Heap after GC invocations=33 (full 0):
 garbage-first heap   total 260096K, used 122004K [0x0000000080000000, 0x0000000100000000)
  region size 1024K, 11 young (11264K), 11 survivors (11264K)
 Metaspace       used 115779K, capacity 119121K, committed 119232K, reserved 1153024K
  class space    used 14593K, capacity 15832K, committed 15872K, reserved 1048576K
}

