# JRE version: OpenJDK Runtime Environment (11.0.15) (build 11.0.15+0-b2043.56-9505619)
# Java VM: OpenJDK 64-Bit Server VM (11.0.15+0-b2043.56-9505619, mixed mode, tiered, compressed oops, g1 gc, windows-amd64)
Heap:
 garbage-first heap   total 260096K, used 173358K [0x0000000080000000, 0x0000000100000000)
  region size 1024K, 146 young (149504K), 15 survivors (15360K)
 Metaspace       used 69531K, capacity 71328K, committed 71452K, reserved 1112064K
  class space    used 8863K, capacity 9547K, committed 9580K, reserved 1048576K
GC Heap History (12 events):
Event: 5.344 GC heap before
{Heap before GC invocations=0 (full 0):
 garbage-first heap   total 260096K, used 29696K [0x0000000080000000, 0x0000000100000000)
  region size 1024K, 24 young (24576K), 0 survivors (0K)
 Metaspace       used 9782K, capacity 9956K, committed 10112K, reserved 1058816K
  class space    used 1000K, capacity 1069K, committed 1152K, reserved 1048576K
}
Event: 5.351 GC heap after
{Heap after GC invocations=1 (full 0):
 garbage-first heap   total 260096K, used 9023K [0x0000000080000000, 0x0000000100000000)
  region size 1024K, 3 young (3072K), 3 survivors (3072K)
 Metaspace       used 9782K, capacity 9956K, committed 10112K, reserved 1058816K
  class space    used 1000K, capacity 1069K, committed 1152K, reserved 1048576K
}
Event: 12.420 GC heap before
{Heap before GC invocations=1 (full 0):
 garbage-first heap   total 260096K, used 106303K [0x0000000080000000, 0x0000000100000000)
  region size 1024K, 99 young (101376K), 3 survivors (3072K)
 Metaspace       used 20774K, capacity 21188K, committed 21296K, reserved 1069056K
  class space    used 2523K, capacity 2685K, committed 2688K, reserved 1048576K
}
Event: 12.442 GC heap after
{Heap after GC invocations=2 (full 0):
 garbage-first heap   total 260096K, used 16685K [0x0000000080000000, 0x0000000100000000)
  region size 1024K, 11 young (11264K), 11 survivors (11264K)
 Metaspace       used 20774K, capacity 21188K, committed 21296K, reserved 1069056K
  class space    used 2523K, capacity 2685K, committed 2688K, reserved 1048576K
}
Event: 15.389 GC heap before
{Heap before GC invocations=3 (full 0):
 garbage-first heap   total 260096K, used 55597K [0x0000000080000000, 0x0000000100000000)
  region size 1024K, 50 young (51200K), 11 survivors (11264K)
 Metaspace       used 24645K, capacity 25195K, committed 25392K, reserved 1071104K
  class space    used 3160K, capacity 3348K, committed 3456K, reserved 1048576K
}
Event: 15.402 GC heap after
{Heap after GC invocations=4 (full 0):
 garbage-first heap   total 260096K, used 18485K [0x0000000080000000, 0x0000000100000000)
  region size 1024K, 2 young (2048K), 2 survivors (2048K)
 Metaspace       used 24645K, capacity 25195K, committed 25392K, reserved 1071104K
  class space    used 3160K, capacity 3348K, committed 3456K, reserved 1048576K
}
Event: 22.912 GC heap before
{Heap before GC invocations=4 (full 0):
 garbage-first heap   total 260096K, used 100405K [0x0000000080000000, 0x0000000100000000)
  region size 1024K, 83 young (84992K), 2 survivors (2048K)
 Metaspace       used 34903K, capacity 35728K, committed 35888K, reserved 1081344K
  class space    used 4562K, capacity 4887K, committed 4992K, reserved 1048576K
}
Event: 22.929 GC heap after
{Heap after GC invocations=5 (full 0):
 garbage-first heap   total 260096K, used 22351K [0x0000000080000000, 0x0000000100000000)
  region size 1024K, 6 young (6144K), 6 survivors (6144K)
 Metaspace       used 34903K, capacity 35728K, committed 35888K, reserved 1081344K
  class space    used 4562K, capacity 4887K, committed 4992K, reserved 1048576K
}
Event: 29.279 GC heap before
{Heap before GC invocations=6 (full 0):
 garbage-first heap   total 260096K, used 137039K [0x0000000080000000, 0x0000000100000000)
  region size 1024K, 115 young (117760K), 6 survivors (6144K)
 Metaspace       used 46223K, capacity 47331K, committed 47536K, reserved 1091584K
  class space    used 5931K, capacity 6351K, committed 6400K, reserved 1048576K
}
Event: 29.295 GC heap after
{Heap after GC invocations=7 (full 0):
 garbage-first heap   total 260096K, used 30099K [0x0000000080000000, 0x0000000100000000)
  region size 1024K, 13 young (13312K), 13 survivors (13312K)
 Metaspace       used 46223K, capacity 47331K, committed 47536K, reserved 1091584K
  class space    used 5931K, capacity 6351K, committed 6400K, reserved 1048576K
}
Event: 50.015 GC heap before
{Heap before GC invocations=7 (full 0):
 garbage-first heap   total 260096K, used 154003K [0x0000000080000000, 0x0000000100000000)
  region size 1024K, 135 young (138240K), 13 survivors (13312K)
 Metaspace       used 58726K, capacity 60145K, committed 60208K, reserved 1101824K
  class space    used 7518K, capacity 8055K, committed 8064K, reserved 1048576K
}
Event: 50.066 GC heap after
{Heap after GC invocations=8 (full 0):
 garbage-first heap   total 260096K, used 37166K [0x0000000080000000, 0x0000000100000000)
  region size 1024K, 15 young (15360K), 15 survivors (15360K)
 Metaspace       used 58726K, capacity 60145K, committed 60208K, reserved 1101824K
  class space    used 7518K, capacity 8055K, committed 8064K, reserved 1048576K
}

