# JRE version: OpenJDK Runtime Environment (11.0.15) (build 11.0.15+0-b2043.56-9505619)
# Java VM: OpenJDK 64-Bit Server VM (11.0.15+0-b2043.56-9505619, mixed mode, tiered, compressed oops, g1 gc, windows-amd64)
Heap:
 garbage-first heap   total 548864K, used 260786K [0x0000000080000000, 0x0000000100000000)
  region size 1024K, 2 young (2048K), 2 survivors (2048K)
 Metaspace       used 108124K, capacity 111126K, committed 111492K, reserved 1146880K
  class space    used 13860K, capacity 15001K, committed 15104K, reserved 1048576K
GC Heap History (20 events):
Event: 56.406 GC heap after
{Heap after GC invocations=31 (full 0):
 garbage-first heap   total 260096K, used 203428K [0x0000000080000000, 0x0000000100000000)
  region size 1024K, 3 young (3072K), 3 survivors (3072K)
 Metaspace       used 108184K, capacity 111312K, committed 111492K, reserved 1146880K
  class space    used 13916K, capacity 15103K, committed 15104K, reserved 1048576K
}
Event: 56.437 GC heap before
{Heap before GC invocations=31 (full 0):
 garbage-first heap   total 260096K, used 217764K [0x0000000080000000, 0x0000000100000000)
  region size 1024K, 17 young (17408K), 3 survivors (3072K)
 Metaspace       used 108211K, capacity 111312K, committed 111492K, reserved 1146880K
  class space    used 13917K, capacity 15103K, committed 15104K, reserved 1048576K
}
Event: 56.443 GC heap after
{Heap after GC invocations=32 (full 0):
 garbage-first heap   total 260096K, used 211330K [0x0000000080000000, 0x0000000100000000)
  region size 1024K, 3 young (3072K), 3 survivors (3072K)
 Metaspace       used 108211K, capacity 111312K, committed 111492K, reserved 1146880K
  class space    used 13917K, capacity 15103K, committed 15104K, reserved 1048576K
}
Event: 56.461 GC heap before
{Heap before GC invocations=32 (full 0):
 garbage-first heap   total 260096K, used 220546K [0x0000000080000000, 0x0000000100000000)
  region size 1024K, 13 young (13312K), 3 survivors (3072K)
 Metaspace       used 108218K, capacity 111313K, committed 111492K, reserved 1146880K
  class space    used 13917K, capacity 15103K, committed 15104K, reserved 1048576K
}
Event: 56.466 GC heap after
{Heap after GC invocations=33 (full 0):
 garbage-first heap   total 260096K, used 217696K [0x0000000080000000, 0x0000000100000000)
  region size 1024K, 2 young (2048K), 2 survivors (2048K)
 Metaspace       used 108218K, capacity 111313K, committed 111492K, reserved 1146880K
  class space    used 13917K, capacity 15103K, committed 15104K, reserved 1048576K
}
Event: 56.484 GC heap before
{Heap before GC invocations=33 (full 0):
 garbage-first heap   total 260096K, used 227936K [0x0000000080000000, 0x0000000100000000)
  region size 1024K, 12 young (12288K), 2 survivors (2048K)
 Metaspace       used 108229K, capacity 111313K, committed 111492K, reserved 1146880K
  class space    used 13917K, capacity 15103K, committed 15104K, reserved 1048576K
}
Event: 56.489 GC heap after
{Heap after GC invocations=34 (full 0):
 garbage-first heap   total 260096K, used 223232K [0x0000000080000000, 0x0000000100000000)
  region size 1024K, 2 young (2048K), 2 survivors (2048K)
 Metaspace       used 108229K, capacity 111313K, committed 111492K, reserved 1146880K
  class space    used 13917K, capacity 15103K, committed 15104K, reserved 1048576K
}
Event: 56.507 GC heap before
{Heap before GC invocations=34 (full 0):
 garbage-first heap   total 260096K, used 232448K [0x0000000080000000, 0x0000000100000000)
  region size 1024K, 12 young (12288K), 2 survivors (2048K)
 Metaspace       used 108239K, capacity 111313K, committed 111492K, reserved 1146880K
  class space    used 13917K, capacity 15103K, committed 15104K, reserved 1048576K
}
Event: 56.511 GC heap after
{Heap after GC invocations=35 (full 0):
 garbage-first heap   total 260096K, used 228783K [0x0000000080000000, 0x0000000100000000)
  region size 1024K, 2 young (2048K), 2 survivors (2048K)
 Metaspace       used 108239K, capacity 111313K, committed 111492K, reserved 1146880K
  class space    used 13917K, capacity 15103K, committed 15104K, reserved 1048576K
}
Event: 56.545 GC heap before
{Heap before GC invocations=35 (full 0):
 garbage-first heap   total 260096K, used 237999K [0x0000000080000000, 0x0000000100000000)
  region size 1024K, 12 young (12288K), 2 survivors (2048K)
 Metaspace       used 108082K, capacity 111119K, committed 111492K, reserved 1146880K
  class space    used 13860K, capacity 15001K, committed 15104K, reserved 1048576K
}
Event: 56.550 GC heap after
{Heap after GC invocations=36 (full 0):
 garbage-first heap   total 260096K, used 232746K [0x0000000080000000, 0x0000000100000000)
  region size 1024K, 2 young (2048K), 2 survivors (2048K)
 Metaspace       used 108082K, capacity 111119K, committed 111492K, reserved 1146880K
  class space    used 13860K, capacity 15001K, committed 15104K, reserved 1048576K
}
Event: 56.566 GC heap before
{Heap before GC invocations=36 (full 0):
 garbage-first heap   total 260096K, used 242986K [0x0000000080000000, 0x0000000100000000)
  region size 1024K, 12 young (12288K), 2 survivors (2048K)
 Metaspace       used 108103K, capacity 111122K, committed 111492K, reserved 1146880K
  class space    used 13860K, capacity 15001K, committed 15104K, reserved 1048576K
}
Event: 56.572 GC heap after
{Heap after GC invocations=37 (full 0):
 garbage-first heap   total 260096K, used 237942K [0x0000000080000000, 0x0000000100000000)
  region size 1024K, 2 young (2048K), 2 survivors (2048K)
 Metaspace       used 108103K, capacity 111122K, committed 111492K, reserved 1146880K
  class space    used 13860K, capacity 15001K, committed 15104K, reserved 1048576K
}
Event: 56.588 GC heap before
{Heap before GC invocations=37 (full 0):
 garbage-first heap   total 260096K, used 248182K [0x0000000080000000, 0x0000000100000000)
  region size 1024K, 12 young (12288K), 2 survivors (2048K)
 Metaspace       used 108115K, capacity 111125K, committed 111492K, reserved 1146880K
  class space    used 13860K, capacity 15001K, committed 15104K, reserved 1048576K
}
Event: 56.593 GC heap after
{Heap after GC invocations=38 (full 0):
 garbage-first heap   total 260096K, used 243537K [0x0000000080000000, 0x0000000100000000)
  region size 1024K, 2 young (2048K), 2 survivors (2048K)
 Metaspace       used 108115K, capacity 111125K, committed 111492K, reserved 1146880K
  class space    used 13860K, capacity 15001K, committed 15104K, reserved 1048576K
}
Event: 56.607 GC heap before
{Heap before GC invocations=38 (full 0):
 garbage-first heap   total 260096K, used 253777K [0x0000000080000000, 0x0000000100000000)
  region size 1024K, 12 young (12288K), 2 survivors (2048K)
 Metaspace       used 108124K, capacity 111126K, committed 111492K, reserved 1146880K
  class space    used 13860K, capacity 15001K, committed 15104K, reserved 1048576K
}
Event: 56.614 GC heap after
{Heap after GC invocations=39 (full 0):
 garbage-first heap   total 262144K, used 248993K [0x0000000080000000, 0x0000000100000000)
  region size 1024K, 2 young (2048K), 2 survivors (2048K)
 Metaspace       used 108124K, capacity 111126K, committed 111492K, reserved 1146880K
  class space    used 13860K, capacity 15001K, committed 15104K, reserved 1048576K
}
Event: 56.628 GC heap before
{Heap before GC invocations=39 (full 0):
 garbage-first heap   total 262144K, used 259233K [0x0000000080000000, 0x0000000100000000)
  region size 1024K, 12 young (12288K), 2 survivors (2048K)
 Metaspace       used 108124K, capacity 111126K, committed 111492K, reserved 1146880K
  class space    used 13860K, capacity 15001K, committed 15104K, reserved 1048576K
}
Event: 56.634 GC heap after
{Heap after GC invocations=40 (full 0):
 garbage-first heap   total 267264K, used 254637K [0x0000000080000000, 0x0000000100000000)
  region size 1024K, 2 young (2048K), 2 survivors (2048K)
 Metaspace       used 108124K, capacity 111126K, committed 111492K, reserved 1146880K
  class space    used 13860K, capacity 15001K, committed 15104K, reserved 1048576K
}
Event: 56.651 GC heap before
{Heap before GC invocations=40 (full 0):
 garbage-first heap   total 267264K, used 264877K [0x0000000080000000, 0x0000000100000000)
  region size 1024K, 13 young (13312K), 2 survivors (2048K)
 Metaspace       used 108124K, capacity 111126K, committed 111492K, reserved 1146880K
  class space    used 13860K, capacity 15001K, committed 15104K, reserved 1048576K
}

