# JRE version: OpenJDK Runtime Environment (11.0.15) (build 11.0.15+0-b2043.56-9505619)
# Java VM: OpenJDK 64-Bit Server VM (11.0.15+0-b2043.56-9505619, mixed mode, tiered, compressed oops, g1 gc, windows-amd64)
Heap:
 garbage-first heap   total 438272K, used 246784K [0x0000000080000000, 0x0000000100000000)
  region size 1024K, 6 young (6144K), 6 survivors (6144K)
 Metaspace       used 101776K, capacity 104799K, committed 104988K, reserved 1140736K
  class space    used 13277K, capacity 14451K, committed 14464K, reserved 1048576K
GC Heap History (20 events):
Event: 10.738 GC heap after
{Heap after GC invocations=16 (full 0):
 garbage-first heap   total 260096K, used 102873K [0x0000000080000000, 0x0000000100000000)
  region size 1024K, 9 young (9216K), 9 survivors (9216K)
 Metaspace       used 89323K, capacity 92272K, committed 92444K, reserved 1128448K
  class space    used 11744K, capacity 12854K, committed 12928K, reserved 1048576K
}
Event: 11.136 GC heap before
{Heap before GC invocations=16 (full 0):
 garbage-first heap   total 260096K, used 197081K [0x0000000080000000, 0x0000000100000000)
  region size 1024K, 102 young (104448K), 9 survivors (9216K)
 Metaspace       used 90334K, capacity 93242K, committed 93468K, reserved 1130496K
  class space    used 11804K, capacity 12902K, committed 12928K, reserved 1048576K
}
Event: 11.150 GC heap after
{Heap after GC invocations=17 (full 0):
 garbage-first heap   total 260096K, used 109754K [0x0000000080000000, 0x0000000100000000)
  region size 1024K, 8 young (8192K), 8 survivors (8192K)
 Metaspace       used 90334K, capacity 93242K, committed 93468K, reserved 1130496K
  class space    used 11804K, capacity 12902K, committed 12928K, reserved 1048576K
}
Event: 11.539 GC heap before
{Heap before GC invocations=17 (full 0):
 garbage-first heap   total 260096K, used 183482K [0x0000000080000000, 0x0000000100000000)
  region size 1024K, 68 young (69632K), 8 survivors (8192K)
 Metaspace       used 94914K, capacity 97933K, committed 98204K, reserved 1134592K
  class space    used 12336K, capacity 13494K, committed 13568K, reserved 1048576K
}
Event: 11.550 GC heap after
{Heap after GC invocations=18 (full 0):
 garbage-first heap   total 260096K, used 136367K [0x0000000080000000, 0x0000000100000000)
  region size 1024K, 13 young (13312K), 13 survivors (13312K)
 Metaspace       used 94914K, capacity 97933K, committed 98204K, reserved 1134592K
  class space    used 12336K, capacity 13494K, committed 13568K, reserved 1048576K
}
Event: 11.877 GC heap before
{Heap before GC invocations=19 (full 0):
 garbage-first heap   total 260096K, used 238767K [0x0000000080000000, 0x0000000100000000)
  region size 1024K, 81 young (82944K), 13 survivors (13312K)
 Metaspace       used 96201K, capacity 98926K, committed 99868K, reserved 1136640K
  class space    used 12388K, capacity 13413K, committed 13696K, reserved 1048576K
}
Event: 11.893 GC heap after
{Heap after GC invocations=20 (full 0):
 garbage-first heap   total 273408K, used 169197K [0x0000000080000000, 0x0000000100000000)
  region size 1024K, 11 young (11264K), 11 survivors (11264K)
 Metaspace       used 96201K, capacity 98926K, committed 99868K, reserved 1136640K
  class space    used 12388K, capacity 13413K, committed 13696K, reserved 1048576K
}
Event: 11.905 GC heap before
{Heap before GC invocations=20 (full 0):
 garbage-first heap   total 273408K, used 171245K [0x0000000080000000, 0x0000000100000000)
  region size 1024K, 13 young (13312K), 11 survivors (11264K)
 Metaspace       used 96201K, capacity 98926K, committed 99868K, reserved 1136640K
  class space    used 12388K, capacity 13413K, committed 13696K, reserved 1048576K
}
Event: 11.916 GC heap after
{Heap after GC invocations=21 (full 0):
 garbage-first heap   total 328704K, used 163628K [0x0000000080000000, 0x0000000100000000)
  region size 1024K, 2 young (2048K), 2 survivors (2048K)
 Metaspace       used 96201K, capacity 98926K, committed 99868K, reserved 1136640K
  class space    used 12388K, capacity 13413K, committed 13696K, reserved 1048576K
}
Event: 11.931 GC heap before
{Heap before GC invocations=21 (full 0):
 garbage-first heap   total 328704K, used 165676K [0x0000000080000000, 0x0000000100000000)
  region size 1024K, 6 young (6144K), 2 survivors (2048K)
 Metaspace       used 96208K, capacity 98927K, committed 99868K, reserved 1136640K
  class space    used 12388K, capacity 13413K, committed 13696K, reserved 1048576K
}
Event: 11.934 GC heap after
{Heap after GC invocations=22 (full 0):
 garbage-first heap   total 328704K, used 164333K [0x0000000080000000, 0x0000000100000000)
  region size 1024K, 2 young (2048K), 2 survivors (2048K)
 Metaspace       used 96208K, capacity 98927K, committed 99868K, reserved 1136640K
  class space    used 12388K, capacity 13413K, committed 13696K, reserved 1048576K
}
Event: 12.212 GC heap before
{Heap before GC invocations=23 (full 0):
 garbage-first heap   total 328704K, used 248301K [0x0000000080000000, 0x0000000100000000)
  region size 1024K, 85 young (87040K), 2 survivors (2048K)
 Metaspace       used 96942K, capacity 99714K, committed 100380K, reserved 1136640K
  class space    used 12443K, capacity 13475K, committed 13696K, reserved 1048576K
}
Event: 12.229 GC heap after
{Heap after GC invocations=24 (full 0):
 garbage-first heap   total 328704K, used 182646K [0x0000000080000000, 0x0000000100000000)
  region size 1024K, 11 young (11264K), 11 survivors (11264K)
 Metaspace       used 96942K, capacity 99714K, committed 100380K, reserved 1136640K
  class space    used 12443K, capacity 13475K, committed 13696K, reserved 1048576K
}
Event: 12.257 GC heap before
{Heap before GC invocations=24 (full 0):
 garbage-first heap   total 328704K, used 187766K [0x0000000080000000, 0x0000000100000000)
  region size 1024K, 16 young (16384K), 11 survivors (11264K)
 Metaspace       used 97631K, capacity 100486K, committed 101020K, reserved 1136640K
  class space    used 12567K, capacity 13663K, committed 13824K, reserved 1048576K
}
Event: 12.268 GC heap after
{Heap after GC invocations=25 (full 0):
 garbage-first heap   total 328704K, used 182745K [0x0000000080000000, 0x0000000100000000)
  region size 1024K, 2 young (2048K), 2 survivors (2048K)
 Metaspace       used 97631K, capacity 100486K, committed 101020K, reserved 1136640K
  class space    used 12567K, capacity 13663K, committed 13824K, reserved 1048576K
}
Event: 12.536 GC heap before
{Heap before GC invocations=25 (full 0):
 garbage-first heap   total 328704K, used 255449K [0x0000000080000000, 0x0000000100000000)
  region size 1024K, 74 young (75776K), 2 survivors (2048K)
 Metaspace       used 100715K, capacity 103768K, committed 103836K, reserved 1138688K
  class space    used 13149K, capacity 14323K, committed 14336K, reserved 1048576K
}
Event: 12.555 GC heap after
{Heap after GC invocations=26 (full 0):
 garbage-first heap   total 328704K, used 209469K [0x0000000080000000, 0x0000000100000000)
  region size 1024K, 10 young (10240K), 10 survivors (10240K)
 Metaspace       used 100715K, capacity 103768K, committed 103836K, reserved 1138688K
  class space    used 13149K, capacity 14323K, committed 14336K, reserved 1048576K
}
Event: 12.695 GC heap before
{Heap before GC invocations=26 (full 0):
 garbage-first heap   total 328704K, used 257597K [0x0000000080000000, 0x0000000100000000)
  region size 1024K, 57 young (58368K), 10 survivors (10240K)
 Metaspace       used 101336K, capacity 104351K, committed 104476K, reserved 1138688K
  class space    used 13225K, capacity 14387K, committed 14464K, reserved 1048576K
}
Event: 12.717 GC heap after
{Heap after GC invocations=27 (full 0):
 garbage-first heap   total 328704K, used 231307K [0x0000000080000000, 0x0000000100000000)
  region size 1024K, 8 young (8192K), 8 survivors (8192K)
 Metaspace       used 101336K, capacity 104351K, committed 104476K, reserved 1138688K
  class space    used 13225K, capacity 14387K, committed 14464K, reserved 1048576K
}
Event: 12.817 GC heap before
{Heap before GC invocations=27 (full 0):
 garbage-first heap   total 328704K, used 264075K [0x0000000080000000, 0x0000000100000000)
  region size 1024K, 41 young (41984K), 8 survivors (8192K)
 Metaspace       used 101776K, capacity 104799K, committed 104988K, reserved 1140736K
  class space    used 13277K, capacity 14451K, committed 14464K, reserved 1048576K
}

